<?xml version="1.0" encoding="UTF-8"?>
<!-- Generated by org.testng.reporters.JUnitXMLReporter -->
<testsuite hostname="Dell-PC" ignored="0" name="Test" tests="2" failures="1" timestamp="14 Dec 2018 09:23:04 GMT" time="31.466" errors="0">
  <testcase name="test1" time="0.02" classname="com.testPackage.ExceptionsTimeoutMethod"/>
  <testcase name="titleTest" time="0.032" classname="com.testPackage.GoogleTitleTest">
    <failure type="junit.framework.ComparisonFailure" message="expected:&amp;lt;...&amp;gt; but was:&amp;lt;...e&amp;gt;">
      <![CDATA[junit.framework.ComparisonFailure: expected:<...> but was:<...e>
at junit.framework.Assert.assertEquals(Assert.java:81)
at junit.framework.Assert.assertEquals(Assert.java:87)
at com.testPackage.GoogleTitleTest.titleTest(GoogleTitleTest.java:34)
... Removed 25 stack frames]]>
    </failure>
  </testcase> <!-- titleTest -->
</testsuite> <!-- Test -->
